
Covered covered-0.7.10 -- Verilog Code Coverage Utility
Written by Trevor Williams  (phase1geo@gmail.com)
Freely distributable under the GPL license

                            :::::::::::::::::::::::::::::::::::::::::::::::::::::
                            ::                                                 ::
                            ::  Covered -- Verilog Coverage Summarized Report  ::
                            ::                                                 ::
                            :::::::::::::::::::::::::::::::::::::::::::::::::::::


~~~~~~~~~~~~~~~~~~~~~~~~~~~~~~~~~~~~~~~~~~~~~~~~~~~~~~~~~~~~~~~~~~~~~~~~~~~~~~~~~~~~~~~~~~~~~~~~~~~~~~~~~~~~~~~~~~~~~
~~~~~~~~~~~~~~~~~~~~~~~~~~~~~~~~~~~~~~~~~~   GENERAL INFORMATION   ~~~~~~~~~~~~~~~~~~~~~~~~~~~~~~~~~~~~~~~~~~~~~~~~~~
~~~~~~~~~~~~~~~~~~~~~~~~~~~~~~~~~~~~~~~~~~~~~~~~~~~~~~~~~~~~~~~~~~~~~~~~~~~~~~~~~~~~~~~~~~~~~~~~~~~~~~~~~~~~~~~~~~~~~
* Report generated from CDD file : cov.cdd

* Reported by                    : Module

~~~~~~~~~~~~~~~~~~~~~~~~~~~~~~~~~~~~~~~~~~~~~~~~~~~~~~~~~~~~~~~~~~~~~~~~~~~~~~~~~~~~~~~~~~~~~~~~~~~~~~~~~~~~~~~~~~~~~
~~~~~~~~~~~~~~~~~~~~~~~~~~~~~~~~~~~~~~~~~   LINE COVERAGE RESULTS   ~~~~~~~~~~~~~~~~~~~~~~~~~~~~~~~~~~~~~~~~~~~~~~~~~
~~~~~~~~~~~~~~~~~~~~~~~~~~~~~~~~~~~~~~~~~~~~~~~~~~~~~~~~~~~~~~~~~~~~~~~~~~~~~~~~~~~~~~~~~~~~~~~~~~~~~~~~~~~~~~~~~~~~~
Module/Task/Function      Filename                 Hit/ Miss/Total    Percent hit
---------------------------------------------------------------------------------------------------------------------
  $root                   NA                         0/    0/    0      100%
  tqvp_nes_snes_contro    peripheral.v               2/    0/    2      100%
  NESTest_Top             FPGA_NESReciever.v        13/    0/   13      100%
  NES_Reciever            FPGA_NESReciever.v       139/    0/  139      100%
  gamepad_pmod_single     FPGA_NESReciever.v         0/    0/    0      100%
  gamepad_pmod_driver     FPGA_NESReciever.v        18/    2/   20       90%
  gamepad_pmod_decoder    FPGA_NESReciever.v         7/    0/    7      100%
---------------------------------------------------------------------------------------------------------------------
  Accumulated                                      179/    2/  181       99%


~~~~~~~~~~~~~~~~~~~~~~~~~~~~~~~~~~~~~~~~~~~~~~~~~~~~~~~~~~~~~~~~~~~~~~~~~~~~~~~~~~~~~~~~~~~~~~~~~~~~~~~~~~~~~~~~~~~~~
~~~~~~~~~~~~~~~~~~~~~~~~~~~~~~~~~~~~~~~~   TOGGLE COVERAGE RESULTS   ~~~~~~~~~~~~~~~~~~~~~~~~~~~~~~~~~~~~~~~~~~~~~~~~
~~~~~~~~~~~~~~~~~~~~~~~~~~~~~~~~~~~~~~~~~~~~~~~~~~~~~~~~~~~~~~~~~~~~~~~~~~~~~~~~~~~~~~~~~~~~~~~~~~~~~~~~~~~~~~~~~~~~~
                                                           Toggle 0 -> 1                       Toggle 1 -> 0
Module/Task/Function      Filename                 Hit/ Miss/Total    Percent hit      Hit/ Miss/Total    Percent hit
---------------------------------------------------------------------------------------------------------------------
  $root                   NA                         0/    0/    0      100%             0/    0/    0      100%
  tqvp_nes_snes_contro    peripheral.v              12/   40/   52       23%            10/   42/   52       19%
  NESTest_Top             FPGA_NESReciever.v         5/   37/   42       12%             6/   36/   42       14%
  NES_Reciever            FPGA_NESReciever.v        36/   25/   61       59%            36/   25/   61       59%
  gamepad_pmod_single     FPGA_NESReciever.v         2/   28/   30        7%             1/   29/   30        3%
  gamepad_pmod_driver     FPGA_NESReciever.v         2/   35/   37        5%             1/   36/   37        3%
  gamepad_pmod_decoder    FPGA_NESReciever.v         0/   55/   55        0%             0/   55/   55        0%
---------------------------------------------------------------------------------------------------------------------
  Accumulated                                       57/  220/  277       21%            54/  223/  277       19%


~~~~~~~~~~~~~~~~~~~~~~~~~~~~~~~~~~~~~~~~~~~~~~~~~~~~~~~~~~~~~~~~~~~~~~~~~~~~~~~~~~~~~~~~~~~~~~~~~~~~~~~~~~~~~~~~~~~~~
~~~~~~~~~~~~~~~~~~~~~~~~~~~~~~~~~~   COMBINATIONAL LOGIC COVERAGE RESULTS   ~~~~~~~~~~~~~~~~~~~~~~~~~~~~~~~~~~~~~~~~~
~~~~~~~~~~~~~~~~~~~~~~~~~~~~~~~~~~~~~~~~~~~~~~~~~~~~~~~~~~~~~~~~~~~~~~~~~~~~~~~~~~~~~~~~~~~~~~~~~~~~~~~~~~~~~~~~~~~~~
                                                                            Logic Combinations
Module/Task/Function                Filename                          Hit/Miss/Total    Percent hit
---------------------------------------------------------------------------------------------------------------------
  $root                             NA                                  0/   0/   0      100%
  tqvp_nes_snes_controller          peripheral.v                       14/   4/  18       78%
  NESTest_Top                       FPGA_NESReciever.v                 26/  24/  50       52%
  NES_Reciever                      FPGA_NESReciever.v                133/  47/ 180       74%
  gamepad_pmod_single               FPGA_NESReciever.v                  0/   0/   0      100%
  gamepad_pmod_driver               FPGA_NESReciever.v                 15/  15/  30       50%
  gamepad_pmod_decoder              FPGA_NESReciever.v                 31/  53/  84       37%
---------------------------------------------------------------------------------------------------------------------
  Accumulated                                                         219/ 143/ 362       60%


~~~~~~~~~~~~~~~~~~~~~~~~~~~~~~~~~~~~~~~~~~~~~~~~~~~~~~~~~~~~~~~~~~~~~~~~~~~~~~~~~~~~~~~~~~~~~~~~~~~~~~~~~~~~~~~~~~~~~
